<?xml version="1.0" encoding="UTF-8"?>
<!-- Generated by org.testng.reporters.JUnitReportReporter -->
<testsuite hostname="DESKTOP-SCKABHO" failures="0" tests="2" name="seleniumAuto.AlertJs" time="12.711" errors="0" timestamp="2023-01-23T19:29:03 BDT" skipped="0">
  <testcase classname="seleniumAuto.AlertJs" name="alertWebsite" time="7.557"/>
  <system-out/>
  <testcase classname="seleniumAuto.AlertJs" name="altertJs" time="5.154"/>
  <system-out/>
</testsuite> <!-- seleniumAuto.AlertJs -->
