<?xml version="1.0" encoding="UTF-8"?>
<!-- Generated by org.testng.reporters.JUnitReportReporter -->
<testsuite hostname="DESKTOP-SCKABHO" failures="0" tests="2" name="seleniumAuto.FormExample" time="8.775" errors="0" timestamp="2023-01-23T19:26:43 BDT" skipped="0">
  <testcase classname="seleniumAuto.FormExample" name="form" time="8.440"/>
  <system-out/>
  <testcase classname="seleniumAuto.FormExample" name="formAutomation" time="0.335"/>
  <system-out/>
</testsuite> <!-- seleniumAuto.FormExample -->
